#
# A fatal error has been detected by the Java Runtime Environment:
#
#  EXCEPTION_ACCESS_VIOLATION (0xc0000005) at pc=0x00007ffc2e1f2eb3, pid=22856, tid=22060
#
# JRE version: OpenJDK Runtime Environment Temurin-17.0.12+7 (17.0.12+7) (build 17.0.12+7)
# Java VM: OpenJDK 64-Bit Server VM Temurin-17.0.12+7 (17.0.12+7, mixed mode, sharing, tiered, compressed oops, compressed class ptrs, g1 gc, windows-amd64)
# Problematic frame:
# C  [libstdc++-6.dll+0x112eb3]
#
# No core dump will be written. Minidumps are not enabled by default on client versions of Windows
#
# If you would like to submit a bug report, please visit:
#   https://github.com/adoptium/adoptium-support/issues
# The crash happened outside the Java Virtual Machine in native code.
# See problematic frame for where to report the bug.
#

---------------  S U M M A R Y ------------

Command Line: BookYourShow

Host: AMD Ryzen 5 5600H with Radeon Graphics         , 12 cores, 13G,  Windows 11 , 64 bit Build 22621 (10.0.22621.4391)
Time: Sun Nov 24 00:27:30 2024 India Standard Time elapsed time: 90.207978 seconds (0d 0h 1m 30s)

---------------  T H R E A D  ---------------

Current thread (0x0000029d428c6700):  JavaThread "main" [_thread_in_native, id=22060, stack(0x000000ea75b00000,0x000000ea75c00000)]

Stack: [0x000000ea75b00000,0x000000ea75c00000],  sp=0x000000ea75bfdf08,  free space=1015k
Native frames: (J=compiled Java code, j=interpreted, Vv=VM code, C=native code)
C  [libstdc++-6.dll+0x112eb3]

Java frames: (J=compiled Java code, j=interpreted, Vv=VM code)
j  BookYourShow.addNewCustomer()V+0
j  BookYourShow.main([Ljava/lang/String;)V+597
v  ~StubRoutines::call_stub

siginfo: EXCEPTION_ACCESS_VIOLATION (0xc0000005), reading address 0x0000000cb1c4c0e8


Registers:
RAX=0x000000ea75bfdf40, RBX=0x0000029d64ec6090, RCX=0x000000ea75bfdf40, RDX=0x0000000cb1c4c0e0
RSP=0x000000ea75bfdf08, RBP=0x000000ea75bfdf90, RSI=0x0000000000000013, RDI=0x0000000000000001
R8 =0x0000000000000000, R9 =0x0000000000000000, R10=0x0000029d408d0b50, R11=0x00007ffcd222e7a0
R12=0x0000000000000000, R13=0x0000029da6400798, R14=0x000000ea75bff4d0, R15=0x0000029d428c6700
RIP=0x00007ffc2e1f2eb3, EFLAGS=0x0000000000010246


Register to memory mapping:

RIP=0x00007ffc2e1f2eb3 libstdc++-6.dll
RAX=0x000000ea75bfdf40 is pointing into the stack for thread: 0x0000029d428c6700
RBX=0x0000029d64ec6090 points into unknown readable memory: 0x0000029d64ec60a0 | a0 60 ec 64 9d 02 00 00
RCX=0x000000ea75bfdf40 is pointing into the stack for thread: 0x0000029d428c6700
RDX=0x0000000cb1c4c0e0 is an unknown value
RSP=0x000000ea75bfdf08 is pointing into the stack for thread: 0x0000029d428c6700
RBP=0x000000ea75bfdf90 is pointing into the stack for thread: 0x0000029d428c6700
RSI=0x0000000000000013 is an unknown value
RDI=0x0000000000000001 is an unknown value
R8 =0x0 is NULL
R9 =0x0 is NULL
R10=0x0000029d408d0b50 points into unknown readable memory: 0x0000000000000064 | 64 00 00 00 00 00 00 00
R11=0x00007ffcd222e7a0 msvcrt.dll
R12=0x0 is NULL
R13={method} {0x0000029da64007a0} 'addNewCustomer' '()V' in 'BookYourShow'
R14=0x000000ea75bff4d0 is pointing into the stack for thread: 0x0000029d428c6700
R15=0x0000029d428c6700 is a thread


Top of Stack: (sp=0x000000ea75bfdf08)
0x000000ea75bfdf08:   00007ffc642363ec 00007ffc64251060
0x000000ea75bfdf18:   00000000658e2607 000000ea75bfdf98
0x000000ea75bfdf28:   00007ffca6065668 000000ea75bfe158
0x000000ea75bfdf38:   000000eaa6008620 0000000000120002
0x000000ea75bfdf48:   00007ffc0db8074c 00000000a6008770
0x000000ea75bfdf58:   00007ffca6065ba0 0000029d654387f8
0x000000ea75bfdf68:   000000eaa6010f88 0000000000000001
0x000000ea75bfdf78:   0000029d428c6700 00000000001b0002
0x000000ea75bfdf88:   00007ffc0db8074c 000000ea75bfe0f8
0x000000ea75bfdf98:   00007ffc0dc8eb56 000000ea75bfe060
0x000000ea75bfdfa8:   00000000000000b2 0000029da6065668
0x000000ea75bfdfb8:   0000029da601d730 0000cf23a601d650
0x000000ea75bfdfc8:   00007ffc0dea2751 0000029da6065972
0x000000ea75bfdfd8:   0000029d428c6700 0000000000000000
0x000000ea75bfdfe8:   0000000000000001 00000000000000b2
0x000000ea75bfdff8:   000000eaa6010f50 0000029d428c6700
0x000000ea75bfe008:   00007ffc0dea4be2 0000029da6065fc8
0x000000ea75bfe018:   000000ea75bfe159 000000eaa601d6f8
0x000000ea75bfe028:   00007ffc0dc0cf0c 0000029d428c6700
0x000000ea75bfe038:   000000ea75bfe159 0000029d6557a728
0x000000ea75bfe048:   0000029d6557a400 0000029d65288580
0x000000ea75bfe058:   00007ffca6066000 0000029da60659a0
0x000000ea75bfe068:   0000029da6010ee0 0000029da6010f18
0x000000ea75bfe078:   0000029d428c6700 0000029d428c6700
0x000000ea75bfe088:   00007ffca6008620 0000000000000000
0x000000ea75bfe098:   0000000000000000 0000029d428c6700
0x000000ea75bfe0a8:   00000000000000b2 0000029d00000002
0x000000ea75bfe0b8:   0000029da6010f88 0000029d00000008
0x000000ea75bfe0c8:   0000029d00000001 0000029d00000000
0x000000ea75bfe0d8:   0000029d428c6701 0000000200004019
0x000000ea75bfe0e8:   00000001658e2608 0000029d428c6700
0x000000ea75bfe0f8:   0000029da6010ea8 0000029d428c6700 

Instructions: (pc=0x00007ffc2e1f2eb3)
0x00007ffc2e1f2db3:   f8 45 31 c0 45 89 c3 41 83 c0 08 4a 8b 1c 1a 4a
0x00007ffc2e1f2dc3:   89 1c 19 45 39 d0 72 ec 48 8b 08 f3 0f 7e 40 08
0x00007ffc2e1f2dd3:   eb 8e 8b 50 10 45 89 d2 41 89 51 10 42 8b 54 11
0x00007ffc2e1f2de3:   fc 43 89 54 10 fc 48 8b 08 f3 0f 7e 40 08 e9 6d
0x00007ffc2e1f2df3:   ff ff ff 90 90 90 90 90 90 90 90 90 90 56 53 48
0x00007ffc2e1f2e03:   83 ec 28 48 8d 41 10 48 89 ce 48 89 d3 48 89 01
0x00007ffc2e1f2e13:   48 85 d2 74 20 48 89 d1 e8 60 65 f0 ff 45 31 c9
0x00007ffc2e1f2e23:   48 89 da 48 89 f1 4c 8d 04 03 48 83 c4 28 5b 5e
0x00007ffc2e1f2e33:   e9 b8 d2 ff ff 48 8d 0d 59 06 05 00 e8 dc 09 04
0x00007ffc2e1f2e43:   00 90 90 90 90 90 90 90 90 90 90 90 90 48 83 ec
0x00007ffc2e1f2e53:   28 48 8d 41 10 48 89 01 48 85 d2 75 05 4d 85 c0
0x00007ffc2e1f2e63:   75 0f 45 31 c9 49 01 d0 48 83 c4 28 e9 7c d2 ff
0x00007ffc2e1f2e73:   ff 48 8d 0d 1d 06 05 00 e8 a0 09 04 00 90 90 90
0x00007ffc2e1f2e83:   90 90 90 90 90 90 90 90 90 90 90 90 90 48 8d 41
0x00007ffc2e1f2e93:   10 48 c7 41 08 00 00 00 00 48 89 01 c6 41 10 00
0x00007ffc2e1f2ea3:   c3 90 90 90 90 90 90 90 90 90 90 90 90 45 31 c9
0x00007ffc2e1f2eb3:   4c 8b 42 08 48 8d 41 10 48 89 01 48 8b 02 49 01
0x00007ffc2e1f2ec3:   c0 48 89 c2 e9 44 d6 ff ff 90 90 90 90 45 31 c9
0x00007ffc2e1f2ed3:   4c 8b 42 08 48 8d 41 10 48 89 01 48 8b 02 49 01
0x00007ffc2e1f2ee3:   c0 48 89 c2 e9 a4 d0 ff ff 90 90 90 90 48 83 ec
0x00007ffc2e1f2ef3:   28 48 8d 41 10 48 89 01 48 8b 42 08 4c 8b 12 4c
0x00007ffc2e1f2f03:   39 c0 72 14 4b 8d 14 02 45 31 c9 4d 8d 04 02 48
0x00007ffc2e1f2f13:   83 c4 28 e9 d5 d1 ff ff 49 89 c1 48 8d 15 47 05
0x00007ffc2e1f2f23:   05 00 48 8d 0d fc 03 05 00 e8 7f 0a 04 00 90 90
0x00007ffc2e1f2f33:   90 90 90 90 90 90 90 90 90 90 90 90 90 48 83 ec
0x00007ffc2e1f2f43:   28 48 8d 41 10 48 89 01 48 8b 42 08 4c 8b 12 4c
0x00007ffc2e1f2f53:   39 c0 72 1e 4c 29 c0 4b 8d 14 02 4c 39 c8 49 0f
0x00007ffc2e1f2f63:   47 c1 45 31 c9 4c 8d 04 02 48 83 c4 28 e9 7b d1
0x00007ffc2e1f2f73:   ff ff 49 89 c1 48 8d 15 ed 04 05 00 48 8d 0d a2
0x00007ffc2e1f2f83:   03 05 00 e8 25 0a 04 00 90 90 90 90 90 48 83 ec
0x00007ffc2e1f2f93:   28 48 8d 41 10 48 89 01 48 8b 42 08 4c 8b 12 4c
0x00007ffc2e1f2fa3:   39 c0 72 1e 4c 29 c0 4b 8d 14 02 4c 39 c8 49 0f 


Stack slot to memory mapping:
stack at sp + 0 slots: 0x00007ffc642363ec BookYourShow.dll
stack at sp + 1 slots: 0x00007ffc64251060 BookYourShow.dll
stack at sp + 2 slots: 0x00000000658e2607 is an unknown value
stack at sp + 3 slots: 0x000000ea75bfdf98 is pointing into the stack for thread: 0x0000029d428c6700
stack at sp + 4 slots: 0x00007ffca6065668 is an unknown value
stack at sp + 5 slots: 0x000000ea75bfe158 is pointing into the stack for thread: 0x0000029d428c6700
stack at sp + 6 slots: 0x000000eaa6008620 is an unknown value
stack at sp + 7 slots: 0x0000000000120002 is an unknown value


---------------  P R O C E S S  ---------------

Threads class SMR info:
_java_thread_list=0x0000029d64b37b10, length=13, elements={
0x0000029d428c6700, 0x0000029d6476fa70, 0x0000029d64772e20, 0x0000029d6478c460,
0x0000029d64ab0080, 0x0000029d64ab0950, 0x0000029d64ab1220, 0x0000029d64ab2230,
0x0000029d64ac50c0, 0x0000029d64ac9600, 0x0000029d64bfa5c0, 0x0000029d64bffb30,
0x0000029d405eae30
}

Java Threads: ( => current thread )
=>0x0000029d428c6700 JavaThread "main" [_thread_in_native, id=22060, stack(0x000000ea75b00000,0x000000ea75c00000)]
  0x0000029d6476fa70 JavaThread "Reference Handler" daemon [_thread_blocked, id=14924, stack(0x000000ea76200000,0x000000ea76300000)]
  0x0000029d64772e20 JavaThread "Finalizer" daemon [_thread_blocked, id=2780, stack(0x000000ea76300000,0x000000ea76400000)]
  0x0000029d6478c460 JavaThread "Signal Dispatcher" daemon [_thread_blocked, id=30068, stack(0x000000ea76400000,0x000000ea76500000)]
  0x0000029d64ab0080 JavaThread "Attach Listener" daemon [_thread_blocked, id=28264, stack(0x000000ea76500000,0x000000ea76600000)]
  0x0000029d64ab0950 JavaThread "Service Thread" daemon [_thread_blocked, id=15944, stack(0x000000ea76600000,0x000000ea76700000)]
  0x0000029d64ab1220 JavaThread "Monitor Deflation Thread" daemon [_thread_blocked, id=25464, stack(0x000000ea76700000,0x000000ea76800000)]
  0x0000029d64ab2230 JavaThread "C2 CompilerThread0" daemon [_thread_blocked, id=27232, stack(0x000000ea76800000,0x000000ea76900000)]
  0x0000029d64ac50c0 JavaThread "C1 CompilerThread0" daemon [_thread_blocked, id=13064, stack(0x000000ea76900000,0x000000ea76a00000)]
  0x0000029d64ac9600 JavaThread "Sweeper thread" daemon [_thread_blocked, id=25324, stack(0x000000ea76a00000,0x000000ea76b00000)]
  0x0000029d64bfa5c0 JavaThread "Notification Thread" daemon [_thread_blocked, id=8284, stack(0x000000ea76b00000,0x000000ea76c00000)]
  0x0000029d64bffb30 JavaThread "Common-Cleaner" daemon [_thread_blocked, id=17128, stack(0x000000ea76d00000,0x000000ea76e00000)]
  0x0000029d405eae30 JavaThread "SIGINT handler" daemon [_thread_blocked, id=24448, stack(0x000000ea75800000,0x000000ea75900000)]

Other Threads:
  0x0000029d6476cf60 VMThread "VM Thread" [stack: 0x000000ea76100000,0x000000ea76200000] [id=30620] _threads_hazard_ptr=0x0000029d64b37b10
  0x0000029d4292a8b0 GCTaskThread "GC Thread#0" [stack: 0x000000ea75c00000,0x000000ea75d00000] [id=23132]
  0x0000029d42956460 ConcurrentGCThread "G1 Main Marker" terminated
  0x0000029d42957620 ConcurrentGCThread "G1 Conc#0" [stack: 0x000000ea75e00000,0x000000ea75f00000] [id=24856]
  0x0000029d6462ac70 ConcurrentGCThread "G1 Refine#0" terminated
  0x0000029d6462b6a0 ConcurrentGCThread "G1 Service" terminated

Threads with active compile tasks:

VM state: at safepoint (normal execution)

VM Mutex/Monitor currently owned by a thread:  ([mutex/lock_event])
[0x0000029d428c1c90] Threads_lock - owner thread: 0x0000029d6476cf60
[0x0000029d428c27d0] Heap_lock - owner thread: 0x0000029d405eae30

Heap address: 0x0000000722400000, size: 3548 MB, Compressed Oops mode: Zero based, Oop shift amount: 3

CDS archive(s) mapped at: [0x0000029d65000000-0x0000029d65bb0000-0x0000029d65bb0000), size 12255232, SharedBaseAddress: 0x0000029d65000000, ArchiveRelocationMode: 1.
Compressed class space mapped at: 0x0000029d66000000-0x0000029da6000000, reserved size: 1073741824
Narrow klass base: 0x0000029d65000000, Narrow klass shift: 0, Narrow klass range: 0x100000000

GC Precious Log:
 CPUs: 12 total, 12 available
 Memory: 14188M
 Large Page Support: Disabled
 NUMA Support: Disabled
 Compressed Oops: Enabled (Zero based)
 Heap Region Size: 2M
 Heap Min Capacity: 8M
 Heap Initial Capacity: 222M
 Heap Max Capacity: 3548M
 Pre-touch: Disabled
 Parallel Workers: 10
 Concurrent Workers: 3
 Concurrent Refinement Workers: 10
 Periodic GC: Disabled

Heap:
 garbage-first heap   total 227328K, used 2048K [0x0000000722400000, 0x0000000800000000)
  region size 2048K, 2 young (4096K), 0 survivors (0K)
 Metaspace       used 458K, committed 640K, reserved 1114112K
  class space    used 31K, committed 128K, reserved 1048576K

Heap Regions: E=young(eden), S=young(survivor), O=old, HS=humongous(starts), HC=humongous(continues), CS=collection set, F=free, OA=open archive, CA=closed archive, TAMS=top-at-mark-start (previous, next)
|   0|0x0000000722400000, 0x0000000722400000, 0x0000000722600000|  0%| F|  |TAMS 0x0000000722400000, 0x0000000722400000| Untracked 
|   1|0x0000000722600000, 0x0000000722600000, 0x0000000722800000|  0%| F|  |TAMS 0x0000000722600000, 0x0000000722600000| Untracked 
|   2|0x0000000722800000, 0x0000000722800000, 0x0000000722a00000|  0%| F|  |TAMS 0x0000000722800000, 0x0000000722800000| Untracked 
|   3|0x0000000722a00000, 0x0000000722a00000, 0x0000000722c00000|  0%| F|  |TAMS 0x0000000722a00000, 0x0000000722a00000| Untracked 
|   4|0x0000000722c00000, 0x0000000722c00000, 0x0000000722e00000|  0%| F|  |TAMS 0x0000000722c00000, 0x0000000722c00000| Untracked 
|   5|0x0000000722e00000, 0x0000000722e00000, 0x0000000723000000|  0%| F|  |TAMS 0x0000000722e00000, 0x0000000722e00000| Untracked 
|   6|0x0000000723000000, 0x0000000723000000, 0x0000000723200000|  0%| F|  |TAMS 0x0000000723000000, 0x0000000723000000| Untracked 
|   7|0x0000000723200000, 0x0000000723200000, 0x0000000723400000|  0%| F|  |TAMS 0x0000000723200000, 0x0000000723200000| Untracked 
|   8|0x0000000723400000, 0x0000000723400000, 0x0000000723600000|  0%| F|  |TAMS 0x0000000723400000, 0x0000000723400000| Untracked 
|   9|0x0000000723600000, 0x0000000723600000, 0x0000000723800000|  0%| F|  |TAMS 0x0000000723600000, 0x0000000723600000| Untracked 
|  10|0x0000000723800000, 0x0000000723800000, 0x0000000723a00000|  0%| F|  |TAMS 0x0000000723800000, 0x0000000723800000| Untracked 
|  11|0x0000000723a00000, 0x0000000723a00000, 0x0000000723c00000|  0%| F|  |TAMS 0x0000000723a00000, 0x0000000723a00000| Untracked 
|  12|0x0000000723c00000, 0x0000000723c00000, 0x0000000723e00000|  0%| F|  |TAMS 0x0000000723c00000, 0x0000000723c00000| Untracked 
|  13|0x0000000723e00000, 0x0000000723e00000, 0x0000000724000000|  0%| F|  |TAMS 0x0000000723e00000, 0x0000000723e00000| Untracked 
|  14|0x0000000724000000, 0x0000000724000000, 0x0000000724200000|  0%| F|  |TAMS 0x0000000724000000, 0x0000000724000000| Untracked 
|  15|0x0000000724200000, 0x0000000724200000, 0x0000000724400000|  0%| F|  |TAMS 0x0000000724200000, 0x0000000724200000| Untracked 
|  16|0x0000000724400000, 0x0000000724400000, 0x0000000724600000|  0%| F|  |TAMS 0x0000000724400000, 0x0000000724400000| Untracked 
|  17|0x0000000724600000, 0x0000000724600000, 0x0000000724800000|  0%| F|  |TAMS 0x0000000724600000, 0x0000000724600000| Untracked 
|  18|0x0000000724800000, 0x0000000724800000, 0x0000000724a00000|  0%| F|  |TAMS 0x0000000724800000, 0x0000000724800000| Untracked 
|  19|0x0000000724a00000, 0x0000000724a00000, 0x0000000724c00000|  0%| F|  |TAMS 0x0000000724a00000, 0x0000000724a00000| Untracked 
|  20|0x0000000724c00000, 0x0000000724c00000, 0x0000000724e00000|  0%| F|  |TAMS 0x0000000724c00000, 0x0000000724c00000| Untracked 
|  21|0x0000000724e00000, 0x0000000724e00000, 0x0000000725000000|  0%| F|  |TAMS 0x0000000724e00000, 0x0000000724e00000| Untracked 
|  22|0x0000000725000000, 0x0000000725000000, 0x0000000725200000|  0%| F|  |TAMS 0x0000000725000000, 0x0000000725000000| Untracked 
|  23|0x0000000725200000, 0x0000000725200000, 0x0000000725400000|  0%| F|  |TAMS 0x0000000725200000, 0x0000000725200000| Untracked 
|  24|0x0000000725400000, 0x0000000725400000, 0x0000000725600000|  0%| F|  |TAMS 0x0000000725400000, 0x0000000725400000| Untracked 
|  25|0x0000000725600000, 0x0000000725600000, 0x0000000725800000|  0%| F|  |TAMS 0x0000000725600000, 0x0000000725600000| Untracked 
|  26|0x0000000725800000, 0x0000000725800000, 0x0000000725a00000|  0%| F|  |TAMS 0x0000000725800000, 0x0000000725800000| Untracked 
|  27|0x0000000725a00000, 0x0000000725a00000, 0x0000000725c00000|  0%| F|  |TAMS 0x0000000725a00000, 0x0000000725a00000| Untracked 
|  28|0x0000000725c00000, 0x0000000725c00000, 0x0000000725e00000|  0%| F|  |TAMS 0x0000000725c00000, 0x0000000725c00000| Untracked 
|  29|0x0000000725e00000, 0x0000000725e00000, 0x0000000726000000|  0%| F|  |TAMS 0x0000000725e00000, 0x0000000725e00000| Untracked 
|  30|0x0000000726000000, 0x0000000726000000, 0x0000000726200000|  0%| F|  |TAMS 0x0000000726000000, 0x0000000726000000| Untracked 
|  31|0x0000000726200000, 0x0000000726200000, 0x0000000726400000|  0%| F|  |TAMS 0x0000000726200000, 0x0000000726200000| Untracked 
|  32|0x0000000726400000, 0x0000000726400000, 0x0000000726600000|  0%| F|  |TAMS 0x0000000726400000, 0x0000000726400000| Untracked 
|  33|0x0000000726600000, 0x0000000726600000, 0x0000000726800000|  0%| F|  |TAMS 0x0000000726600000, 0x0000000726600000| Untracked 
|  34|0x0000000726800000, 0x0000000726800000, 0x0000000726a00000|  0%| F|  |TAMS 0x0000000726800000, 0x0000000726800000| Untracked 
|  35|0x0000000726a00000, 0x0000000726a00000, 0x0000000726c00000|  0%| F|  |TAMS 0x0000000726a00000, 0x0000000726a00000| Untracked 
|  36|0x0000000726c00000, 0x0000000726c00000, 0x0000000726e00000|  0%| F|  |TAMS 0x0000000726c00000, 0x0000000726c00000| Untracked 
|  37|0x0000000726e00000, 0x0000000726e00000, 0x0000000727000000|  0%| F|  |TAMS 0x0000000726e00000, 0x0000000726e00000| Untracked 
|  38|0x0000000727000000, 0x0000000727000000, 0x0000000727200000|  0%| F|  |TAMS 0x0000000727000000, 0x0000000727000000| Untracked 
|  39|0x0000000727200000, 0x0000000727200000, 0x0000000727400000|  0%| F|  |TAMS 0x0000000727200000, 0x0000000727200000| Untracked 
|  40|0x0000000727400000, 0x0000000727400000, 0x0000000727600000|  0%| F|  |TAMS 0x0000000727400000, 0x0000000727400000| Untracked 
|  41|0x0000000727600000, 0x0000000727600000, 0x0000000727800000|  0%| F|  |TAMS 0x0000000727600000, 0x0000000727600000| Untracked 
|  42|0x0000000727800000, 0x0000000727800000, 0x0000000727a00000|  0%| F|  |TAMS 0x0000000727800000, 0x0000000727800000| Untracked 
|  43|0x0000000727a00000, 0x0000000727a00000, 0x0000000727c00000|  0%| F|  |TAMS 0x0000000727a00000, 0x0000000727a00000| Untracked 
|  44|0x0000000727c00000, 0x0000000727c00000, 0x0000000727e00000|  0%| F|  |TAMS 0x0000000727c00000, 0x0000000727c00000| Untracked 
|  45|0x0000000727e00000, 0x0000000727e00000, 0x0000000728000000|  0%| F|  |TAMS 0x0000000727e00000, 0x0000000727e00000| Untracked 
|  46|0x0000000728000000, 0x0000000728000000, 0x0000000728200000|  0%| F|  |TAMS 0x0000000728000000, 0x0000000728000000| Untracked 
|  47|0x0000000728200000, 0x0000000728200000, 0x0000000728400000|  0%| F|  |TAMS 0x0000000728200000, 0x0000000728200000| Untracked 
|  48|0x0000000728400000, 0x0000000728400000, 0x0000000728600000|  0%| F|  |TAMS 0x0000000728400000, 0x0000000728400000| Untracked 
|  49|0x0000000728600000, 0x0000000728600000, 0x0000000728800000|  0%| F|  |TAMS 0x0000000728600000, 0x0000000728600000| Untracked 
|  50|0x0000000728800000, 0x0000000728800000, 0x0000000728a00000|  0%| F|  |TAMS 0x0000000728800000, 0x0000000728800000| Untracked 
|  51|0x0000000728a00000, 0x0000000728a00000, 0x0000000728c00000|  0%| F|  |TAMS 0x0000000728a00000, 0x0000000728a00000| Untracked 
|  52|0x0000000728c00000, 0x0000000728c00000, 0x0000000728e00000|  0%| F|  |TAMS 0x0000000728c00000, 0x0000000728c00000| Untracked 
|  53|0x0000000728e00000, 0x0000000728e00000, 0x0000000729000000|  0%| F|  |TAMS 0x0000000728e00000, 0x0000000728e00000| Untracked 
|  54|0x0000000729000000, 0x0000000729000000, 0x0000000729200000|  0%| F|  |TAMS 0x0000000729000000, 0x0000000729000000| Untracked 
|  55|0x0000000729200000, 0x0000000729200000, 0x0000000729400000|  0%| F|  |TAMS 0x0000000729200000, 0x0000000729200000| Untracked 
|  56|0x0000000729400000, 0x0000000729400000, 0x0000000729600000|  0%| F|  |TAMS 0x0000000729400000, 0x0000000729400000| Untracked 
|  57|0x0000000729600000, 0x0000000729600000, 0x0000000729800000|  0%| F|  |TAMS 0x0000000729600000, 0x0000000729600000| Untracked 
|  58|0x0000000729800000, 0x0000000729800000, 0x0000000729a00000|  0%| F|  |TAMS 0x0000000729800000, 0x0000000729800000| Untracked 
|  59|0x0000000729a00000, 0x0000000729a00000, 0x0000000729c00000|  0%| F|  |TAMS 0x0000000729a00000, 0x0000000729a00000| Untracked 
|  60|0x0000000729c00000, 0x0000000729c00000, 0x0000000729e00000|  0%| F|  |TAMS 0x0000000729c00000, 0x0000000729c00000| Untracked 
|  61|0x0000000729e00000, 0x0000000729e00000, 0x000000072a000000|  0%| F|  |TAMS 0x0000000729e00000, 0x0000000729e00000| Untracked 
|  62|0x000000072a000000, 0x000000072a000000, 0x000000072a200000|  0%| F|  |TAMS 0x000000072a000000, 0x000000072a000000| Untracked 
|  63|0x000000072a200000, 0x000000072a200000, 0x000000072a400000|  0%| F|  |TAMS 0x000000072a200000, 0x000000072a200000| Untracked 
|  64|0x000000072a400000, 0x000000072a400000, 0x000000072a600000|  0%| F|  |TAMS 0x000000072a400000, 0x000000072a400000| Untracked 
|  65|0x000000072a600000, 0x000000072a600000, 0x000000072a800000|  0%| F|  |TAMS 0x000000072a600000, 0x000000072a600000| Untracked 
|  66|0x000000072a800000, 0x000000072a800000, 0x000000072aa00000|  0%| F|  |TAMS 0x000000072a800000, 0x000000072a800000| Untracked 
|  67|0x000000072aa00000, 0x000000072aa00000, 0x000000072ac00000|  0%| F|  |TAMS 0x000000072aa00000, 0x000000072aa00000| Untracked 
|  68|0x000000072ac00000, 0x000000072ac00000, 0x000000072ae00000|  0%| F|  |TAMS 0x000000072ac00000, 0x000000072ac00000| Untracked 
|  69|0x000000072ae00000, 0x000000072ae00000, 0x000000072b000000|  0%| F|  |TAMS 0x000000072ae00000, 0x000000072ae00000| Untracked 
|  70|0x000000072b000000, 0x000000072b000000, 0x000000072b200000|  0%| F|  |TAMS 0x000000072b000000, 0x000000072b000000| Untracked 
|  71|0x000000072b200000, 0x000000072b200000, 0x000000072b400000|  0%| F|  |TAMS 0x000000072b200000, 0x000000072b200000| Untracked 
|  72|0x000000072b400000, 0x000000072b400000, 0x000000072b600000|  0%| F|  |TAMS 0x000000072b400000, 0x000000072b400000| Untracked 
|  73|0x000000072b600000, 0x000000072b600000, 0x000000072b800000|  0%| F|  |TAMS 0x000000072b600000, 0x000000072b600000| Untracked 
|  74|0x000000072b800000, 0x000000072b800000, 0x000000072ba00000|  0%| F|  |TAMS 0x000000072b800000, 0x000000072b800000| Untracked 
|  75|0x000000072ba00000, 0x000000072ba00000, 0x000000072bc00000|  0%| F|  |TAMS 0x000000072ba00000, 0x000000072ba00000| Untracked 
|  76|0x000000072bc00000, 0x000000072bc00000, 0x000000072be00000|  0%| F|  |TAMS 0x000000072bc00000, 0x000000072bc00000| Untracked 
|  77|0x000000072be00000, 0x000000072be00000, 0x000000072c000000|  0%| F|  |TAMS 0x000000072be00000, 0x000000072be00000| Untracked 
|  78|0x000000072c000000, 0x000000072c000000, 0x000000072c200000|  0%| F|  |TAMS 0x000000072c000000, 0x000000072c000000| Untracked 
|  79|0x000000072c200000, 0x000000072c200000, 0x000000072c400000|  0%| F|  |TAMS 0x000000072c200000, 0x000000072c200000| Untracked 
|  80|0x000000072c400000, 0x000000072c400000, 0x000000072c600000|  0%| F|  |TAMS 0x000000072c400000, 0x000000072c400000| Untracked 
|  81|0x000000072c600000, 0x000000072c600000, 0x000000072c800000|  0%| F|  |TAMS 0x000000072c600000, 0x000000072c600000| Untracked 
|  82|0x000000072c800000, 0x000000072c800000, 0x000000072ca00000|  0%| F|  |TAMS 0x000000072c800000, 0x000000072c800000| Untracked 
|  83|0x000000072ca00000, 0x000000072ca00000, 0x000000072cc00000|  0%| F|  |TAMS 0x000000072ca00000, 0x000000072ca00000| Untracked 
|  84|0x000000072cc00000, 0x000000072cc00000, 0x000000072ce00000|  0%| F|  |TAMS 0x000000072cc00000, 0x000000072cc00000| Untracked 
|  85|0x000000072ce00000, 0x000000072ce00000, 0x000000072d000000|  0%| F|  |TAMS 0x000000072ce00000, 0x000000072ce00000| Untracked 
|  86|0x000000072d000000, 0x000000072d000000, 0x000000072d200000|  0%| F|  |TAMS 0x000000072d000000, 0x000000072d000000| Untracked 
|  87|0x000000072d200000, 0x000000072d200000, 0x000000072d400000|  0%| F|  |TAMS 0x000000072d200000, 0x000000072d200000| Untracked 
|  88|0x000000072d400000, 0x000000072d400000, 0x000000072d600000|  0%| F|  |TAMS 0x000000072d400000, 0x000000072d400000| Untracked 
|  89|0x000000072d600000, 0x000000072d600000, 0x000000072d800000|  0%| F|  |TAMS 0x000000072d600000, 0x000000072d600000| Untracked 
|  90|0x000000072d800000, 0x000000072d800000, 0x000000072da00000|  0%| F|  |TAMS 0x000000072d800000, 0x000000072d800000| Untracked 
|  91|0x000000072da00000, 0x000000072da00000, 0x000000072dc00000|  0%| F|  |TAMS 0x000000072da00000, 0x000000072da00000| Untracked 
|  92|0x000000072dc00000, 0x000000072dc00000, 0x000000072de00000|  0%| F|  |TAMS 0x000000072dc00000, 0x000000072dc00000| Untracked 
|  93|0x000000072de00000, 0x000000072de00000, 0x000000072e000000|  0%| F|  |TAMS 0x000000072de00000, 0x000000072de00000| Untracked 
|  94|0x000000072e000000, 0x000000072e000000, 0x000000072e200000|  0%| F|  |TAMS 0x000000072e000000, 0x000000072e000000| Untracked 
|  95|0x000000072e200000, 0x000000072e200000, 0x000000072e400000|  0%| F|  |TAMS 0x000000072e200000, 0x000000072e200000| Untracked 
|  96|0x000000072e400000, 0x000000072e400000, 0x000000072e600000|  0%| F|  |TAMS 0x000000072e400000, 0x000000072e400000| Untracked 
|  97|0x000000072e600000, 0x000000072e600000, 0x000000072e800000|  0%| F|  |TAMS 0x000000072e600000, 0x000000072e600000| Untracked 
|  98|0x000000072e800000, 0x000000072e800000, 0x000000072ea00000|  0%| F|  |TAMS 0x000000072e800000, 0x000000072e800000| Untracked 
|  99|0x000000072ea00000, 0x000000072ea00000, 0x000000072ec00000|  0%| F|  |TAMS 0x000000072ea00000, 0x000000072ea00000| Untracked 
| 100|0x000000072ec00000, 0x000000072ec00000, 0x000000072ee00000|  0%| F|  |TAMS 0x000000072ec00000, 0x000000072ec00000| Untracked 
| 101|0x000000072ee00000, 0x000000072ee00000, 0x000000072f000000|  0%| F|  |TAMS 0x000000072ee00000, 0x000000072ee00000| Untracked 
| 102|0x000000072f000000, 0x000000072f000000, 0x000000072f200000|  0%| F|  |TAMS 0x000000072f000000, 0x000000072f000000| Untracked 
| 103|0x000000072f200000, 0x000000072f200000, 0x000000072f400000|  0%| F|  |TAMS 0x000000072f200000, 0x000000072f200000| Untracked 
| 104|0x000000072f400000, 0x000000072f400000, 0x000000072f600000|  0%| F|  |TAMS 0x000000072f400000, 0x000000072f400000| Untracked 
| 105|0x000000072f600000, 0x000000072f600000, 0x000000072f800000|  0%| F|  |TAMS 0x000000072f600000, 0x000000072f600000| Untracked 
| 106|0x000000072f800000, 0x000000072f800000, 0x000000072fa00000|  0%| F|  |TAMS 0x000000072f800000, 0x000000072f800000| Untracked 
| 107|0x000000072fa00000, 0x000000072fa00000, 0x000000072fc00000|  0%| F|  |TAMS 0x000000072fa00000, 0x000000072fa00000| Untracked 
| 108|0x000000072fc00000, 0x000000072fc00000, 0x000000072fe00000|  0%| F|  |TAMS 0x000000072fc00000, 0x000000072fc00000| Untracked 
| 109|0x000000072fe00000, 0x000000072ff52f00, 0x0000000730000000| 66%| E|  |TAMS 0x000000072fe00000, 0x000000072fe00000| Complete 
| 110|0x0000000730000000, 0x0000000730200000, 0x0000000730200000|100%| E|CS|TAMS 0x0000000730000000, 0x0000000730000000| Complete 

Card table byte_map: [0x0000029d5a050000,0x0000029d5a740000] _byte_map_base: 0x0000029d5673e000

Marking Bits (Prev, Next): (CMBitMap*) 0x0000029d4292aed0, (CMBitMap*) 0x0000029d4292af10
 Prev Bits: [0x0000029d5ae30000, 0x0000029d5e5a0000)
 Next Bits: [0x0000029d5e5a0000, 0x0000029d61d10000)

Polling page: 0x0000029d407e0000

Metaspace:

Usage:
  Non-class:    426.61 KB used.
      Class:     31.91 KB used.
       Both:    458.52 KB used.

Virtual space:
  Non-class space:       64.00 MB reserved,     512.00 KB ( <1%) committed,  1 nodes.
      Class space:        1.00 GB reserved,     128.00 KB ( <1%) committed,  1 nodes.
             Both:        1.06 GB reserved,     640.00 KB ( <1%) committed. 

Chunk freelists:
   Non-Class:  11.98 MB
       Class:  15.74 MB
        Both:  27.72 MB

MaxMetaspaceSize: unlimited
CompressedClassSpaceSize: 1.00 GB
Initial GC threshold: 21.00 MB
Current GC threshold: 21.00 MB
CDS: on
MetaspaceReclaimPolicy: balanced
 - commit_granule_bytes: 65536.
 - commit_granule_words: 8192.
 - virtual_space_node_default_size: 8388608.
 - enlarge_chunks_in_place: 1.
 - new_chunks_are_fully_committed: 0.
 - uncommit_free_chunks: 1.
 - use_allocation_guard: 0.
 - handle_deallocations: 1.


Internal statistics:

num_allocs_failed_limit: 0.
num_arena_births: 8.
num_arena_deaths: 0.
num_vsnodes_births: 2.
num_vsnodes_deaths: 0.
num_space_committed: 10.
num_space_uncommitted: 0.
num_chunks_returned_to_freelist: 0.
num_chunks_taken_from_freelist: 11.
num_chunk_merges: 0.
num_chunk_splits: 6.
num_chunks_enlarged: 4.
num_inconsistent_stats: 0.

CodeHeap 'non-profiled nmethods': size=120000Kb used=48Kb max_used=48Kb free=119951Kb
 bounds [0x0000029d51ed0000, 0x0000029d52140000, 0x0000029d59400000]
CodeHeap 'profiled nmethods': size=120000Kb used=189Kb max_used=189Kb free=119810Kb
 bounds [0x0000029d4a400000, 0x0000029d4a670000, 0x0000029d51930000]
CodeHeap 'non-nmethods': size=5760Kb used=1093Kb max_used=1105Kb free=4667Kb
 bounds [0x0000029d51930000, 0x0000029d51ba0000, 0x0000029d51ed0000]
 total_blobs=528 nmethods=163 adapters=278
 compilation: enabled
              stopped_count=0, restarted_count=0
 full_count=0

Compilation events (20 events):
Event: 0.064 Thread 0x0000029d64ac50c0  145       3       java.lang.AbstractStringBuilder::putStringAt (34 bytes)
Event: 0.064 Thread 0x0000029d64ac50c0 nmethod 145 0x0000029d4a42ca10 code [0x0000029d4a42cbe0, 0x0000029d4a42cef8]
Event: 0.064 Thread 0x0000029d64ac50c0  146       3       java.lang.AbstractStringBuilder::getCoder (15 bytes)
Event: 0.064 Thread 0x0000029d64ac50c0 nmethod 146 0x0000029d4a42d090 code [0x0000029d4a42d220, 0x0000029d4a42d358]
Event: 0.064 Thread 0x0000029d64ac50c0  147       3       java.lang.String::getBytes (46 bytes)
Event: 0.064 Thread 0x0000029d64ac50c0 nmethod 147 0x0000029d4a42d410 code [0x0000029d4a42d5e0, 0x0000029d4a42d8f8]
Event: 0.064 Thread 0x0000029d64ac50c0  154       3       java.util.regex.Pattern::has (15 bytes)
Event: 0.064 Thread 0x0000029d64ac50c0 nmethod 154 0x0000029d4a42da10 code [0x0000029d4a42dba0, 0x0000029d4a42dd18]
Event: 0.064 Thread 0x0000029d64ac50c0  153       1       java.lang.invoke.MethodHandle::type (5 bytes)
Event: 0.064 Thread 0x0000029d64ac50c0 nmethod 153 0x0000029d51edbc10 code [0x0000029d51edbda0, 0x0000029d51edbe78]
Event: 0.064 Thread 0x0000029d64ac50c0  158       3       java.lang.invoke.MemberName::testAllFlags (7 bytes)
Event: 0.064 Thread 0x0000029d64ac50c0 nmethod 158 0x0000029d4a42dd90 code [0x0000029d4a42df20, 0x0000029d4a42e0f8]
Event: 0.064 Thread 0x0000029d64ac50c0  160       3       java.util.regex.ASCII::isAscii (13 bytes)
Event: 0.064 Thread 0x0000029d64ac50c0 nmethod 160 0x0000029d4a42e190 code [0x0000029d4a42e320, 0x0000029d4a42e478]
Event: 0.064 Thread 0x0000029d64ac50c0  161       3       java.util.regex.Pattern::peek (26 bytes)
Event: 0.064 Thread 0x0000029d64ac50c0 nmethod 161 0x0000029d4a42e510 code [0x0000029d4a42e6c0, 0x0000029d4a42e928]
Event: 0.064 Thread 0x0000029d64ac50c0  162       3       java.util.regex.Pattern::next (33 bytes)
Event: 0.065 Thread 0x0000029d64ac50c0 nmethod 162 0x0000029d4a42ea90 code [0x0000029d4a42ec40, 0x0000029d4a42eea8]
Event: 0.065 Thread 0x0000029d64ac50c0  163       3       java.util.regex.Pattern::read (33 bytes)
Event: 0.065 Thread 0x0000029d64ac50c0 nmethod 163 0x0000029d4a42f010 code [0x0000029d4a42f1c0, 0x0000029d4a42f428]

GC Heap History (0 events):
No events

Dll operation events (4 events):
Event: 0.006 Loaded shared library C:\Program Files\Eclipse Adoptium\jdk-17.0.12.7-hotspot\bin\java.dll
Event: 0.019 Loaded shared library C:\Program Files\Eclipse Adoptium\jdk-17.0.12.7-hotspot\bin\jsvml.dll
Event: 0.042 Loaded shared library C:\Users\KH SUDHIR\OneDrive\Documents\GitHub\CPP-Project\BookYourShow.dll
Event: 0.055 Loaded shared library C:\Program Files\Eclipse Adoptium\jdk-17.0.12.7-hotspot\bin\jimage.dll

Deoptimization events (0 events):
No events

Classes loaded (20 events):
Event: 0.058 Loading class sun/util/resources/LocaleData$CommonResourceBundleProvider
Event: 0.058 Loading class sun/util/resources/LocaleData$LocaleDataResourceBundleProvider
Event: 0.058 Loading class java/util/spi/ResourceBundleProvider
Event: 0.058 Loading class java/util/spi/ResourceBundleProvider done
Event: 0.058 Loading class sun/util/resources/LocaleData$LocaleDataResourceBundleProvider done
Event: 0.058 Loading class sun/util/resources/LocaleData$CommonResourceBundleProvider done
Event: 0.058 Loading class java/util/ArrayList$SubList$1
Event: 0.058 Loading class java/util/ArrayList$SubList$1 done
Event: 0.058 Loading class sun/text/resources/cldr/FormatData_en
Event: 0.058 Loading class sun/text/resources/cldr/FormatData_en done
Event: 0.058 Loading class sun/util/resources/Bundles$2
Event: 0.058 Loading class sun/util/resources/Bundles$2 done
Event: 0.059 Loading class java/lang/InstantiationException
Event: 0.059 Loading class java/lang/InstantiationException done
Event: 0.059 Loading class java/lang/IllegalAccessException
Event: 0.059 Loading class java/lang/IllegalAccessException done
Event: 8.600 Loading class java/util/regex/Pattern$1
Event: 8.600 Loading class java/util/regex/Pattern$1 done
Event: 90.182 Loading class jdk/internal/misc/Signal$1
Event: 90.182 Loading class jdk/internal/misc/Signal$1 done

Classes unloaded (0 events):
No events

Classes redefined (0 events):
No events

Internal exceptions (0 events):
No events

VM Operations (5 events):
Event: 1.026 Executing VM operation: Cleanup
Event: 1.026 Executing VM operation: Cleanup done
Event: 60.120 Executing VM operation: HandshakeAllThreads
Event: 60.120 Executing VM operation: HandshakeAllThreads done
Event: 90.182 Executing VM operation: Exit

Events (13 events):
Event: 0.020 Thread 0x0000029d428c6700 Thread added: 0x0000029d428c6700
Event: 0.021 Thread 0x0000029d6476fa70 Thread added: 0x0000029d6476fa70
Event: 0.021 Thread 0x0000029d64772e20 Thread added: 0x0000029d64772e20
Event: 0.027 Thread 0x0000029d6478c460 Thread added: 0x0000029d6478c460
Event: 0.027 Thread 0x0000029d64ab0080 Thread added: 0x0000029d64ab0080
Event: 0.027 Thread 0x0000029d64ab0950 Thread added: 0x0000029d64ab0950
Event: 0.027 Thread 0x0000029d64ab1220 Thread added: 0x0000029d64ab1220
Event: 0.027 Thread 0x0000029d64ab2230 Thread added: 0x0000029d64ab2230
Event: 0.027 Thread 0x0000029d64ac50c0 Thread added: 0x0000029d64ac50c0
Event: 0.027 Thread 0x0000029d64ac9600 Thread added: 0x0000029d64ac9600
Event: 0.036 Thread 0x0000029d64bfa5c0 Thread added: 0x0000029d64bfa5c0
Event: 0.037 Thread 0x0000029d64bffb30 Thread added: 0x0000029d64bffb30
Event: 90.182 Thread 0x0000029d405eae30 Thread added: 0x0000029d405eae30


Dynamic libraries:
0x00007ff632dc0000 - 0x00007ff632dce000 	C:\Program Files\Eclipse Adoptium\jdk-17.0.12.7-hotspot\bin\java.exe
0x00007ffcd41d0000 - 0x00007ffcd43e7000 	C:\Windows\SYSTEM32\ntdll.dll
0x00007ffcd35a0000 - 0x00007ffcd3664000 	C:\Windows\System32\KERNEL32.DLL
0x00007ffcd1a00000 - 0x00007ffcd1db9000 	C:\Windows\System32\KERNELBASE.dll
0x00007ffcd1860000 - 0x00007ffcd1971000 	C:\Windows\System32\ucrtbase.dll
0x00007ffc6eda0000 - 0x00007ffc6edbb000 	C:\Program Files\Eclipse Adoptium\jdk-17.0.12.7-hotspot\bin\VCRUNTIME140.dll
0x00007ffc68c20000 - 0x00007ffc68c37000 	C:\Program Files\Eclipse Adoptium\jdk-17.0.12.7-hotspot\bin\jli.dll
0x00007ffcd3a10000 - 0x00007ffcd3bbe000 	C:\Windows\System32\USER32.dll
0x00007ffcd1800000 - 0x00007ffcd1826000 	C:\Windows\System32\win32u.dll
0x00007ffcc08c0000 - 0x00007ffcc0b52000 	C:\Windows\WinSxS\amd64_microsoft.windows.common-controls_6595b64144ccf1df_6.0.22621.4391_none_2715d37f73803e96\COMCTL32.dll
0x00007ffcd3cb0000 - 0x00007ffcd3cd9000 	C:\Windows\System32\GDI32.dll
0x00007ffcd2190000 - 0x00007ffcd2237000 	C:\Windows\System32\msvcrt.dll
0x00007ffcd14d0000 - 0x00007ffcd15eb000 	C:\Windows\System32\gdi32full.dll
0x00007ffcd15f0000 - 0x00007ffcd168a000 	C:\Windows\System32\msvcp_win.dll
0x00007ffcd1fa0000 - 0x00007ffcd1fd1000 	C:\Windows\System32\IMM32.DLL
0x00007ffcb9d20000 - 0x00007ffcb9d2c000 	C:\Program Files\Eclipse Adoptium\jdk-17.0.12.7-hotspot\bin\vcruntime140_1.dll
0x00007ffc41b30000 - 0x00007ffc41bbd000 	C:\Program Files\Eclipse Adoptium\jdk-17.0.12.7-hotspot\bin\msvcp140.dll
0x00007ffc0d940000 - 0x00007ffc0e5aa000 	C:\Program Files\Eclipse Adoptium\jdk-17.0.12.7-hotspot\bin\server\jvm.dll
0x00007ffcd3ce0000 - 0x00007ffcd3d92000 	C:\Windows\System32\ADVAPI32.dll
0x00007ffcd29b0000 - 0x00007ffcd2a57000 	C:\Windows\System32\sechost.dll
0x00007ffcd1830000 - 0x00007ffcd1858000 	C:\Windows\System32\bcrypt.dll
0x00007ffcd3340000 - 0x00007ffcd3454000 	C:\Windows\System32\RPCRT4.dll
0x00007ffcd4110000 - 0x00007ffcd4181000 	C:\Windows\System32\WS2_32.dll
0x00007ffcd13a0000 - 0x00007ffcd13ed000 	C:\Windows\SYSTEM32\POWRPROF.dll
0x00007ffccb460000 - 0x00007ffccb46a000 	C:\Windows\SYSTEM32\VERSION.dll
0x00007ffccc030000 - 0x00007ffccc064000 	C:\Windows\SYSTEM32\WINMM.dll
0x00007ffcd1380000 - 0x00007ffcd1393000 	C:\Windows\SYSTEM32\UMPDC.dll
0x00007ffcd0510000 - 0x00007ffcd0528000 	C:\Windows\SYSTEM32\kernel.appcore.dll
0x00007ffcb8f90000 - 0x00007ffcb8f9a000 	C:\Program Files\Eclipse Adoptium\jdk-17.0.12.7-hotspot\bin\jimage.dll
0x00007ffccf070000 - 0x00007ffccf2a2000 	C:\Windows\SYSTEM32\DBGHELP.DLL
0x00007ffcd3670000 - 0x00007ffcd39ff000 	C:\Windows\System32\combase.dll
0x00007ffcd3bc0000 - 0x00007ffcd3c97000 	C:\Windows\System32\OLEAUT32.dll
0x00007ffcc2400000 - 0x00007ffcc2432000 	C:\Windows\SYSTEM32\dbgcore.DLL
0x00007ffcd1980000 - 0x00007ffcd19fb000 	C:\Windows\System32\bcryptPrimitives.dll
0x00007ffc64670000 - 0x00007ffc64695000 	C:\Program Files\Eclipse Adoptium\jdk-17.0.12.7-hotspot\bin\java.dll
0x00007ffc417c0000 - 0x00007ffc41897000 	C:\Program Files\Eclipse Adoptium\jdk-17.0.12.7-hotspot\bin\jsvml.dll
0x00007ffcd2ac0000 - 0x00007ffcd3336000 	C:\Windows\System32\SHELL32.dll
0x00007ffccf410000 - 0x00007ffccfd13000 	C:\Windows\SYSTEM32\windows.storage.dll
0x00007ffccf2d0000 - 0x00007ffccf40f000 	C:\Windows\SYSTEM32\wintypes.dll
0x00007ffcd22a0000 - 0x00007ffcd2399000 	C:\Windows\System32\SHCORE.dll
0x00007ffcd2240000 - 0x00007ffcd229e000 	C:\Windows\System32\shlwapi.dll
0x00007ffcd1400000 - 0x00007ffcd142b000 	C:\Windows\SYSTEM32\profapi.dll
0x00007ffc64230000 - 0x00007ffc6426c000 	C:\Users\KH SUDHIR\OneDrive\Documents\GitHub\CPP-Project\BookYourShow.dll
0x00007ffc64200000 - 0x00007ffc6422c000 	C:\Program Files\Git\mingw64\bin\libgcc_s_seh-1.dll
0x00007ffc2e0e0000 - 0x00007ffc2e330000 	C:\Program Files\Git\mingw64\bin\libstdc++-6.dll
0x00007ffc68c00000 - 0x00007ffc68c16000 	C:\Program Files\Git\mingw64\bin\libwinpthread-1.dll
0x00007ffcd0be0000 - 0x00007ffcd0bec000 	C:\Windows\SYSTEM32\CRYPTBASE.DLL

dbghelp: loaded successfully - version: 4.0.5 - missing functions: none
symbol engine: initialized successfully - sym options: 0x614 - pdb path: .;C:\Program Files\Eclipse Adoptium\jdk-17.0.12.7-hotspot\bin;C:\Windows\SYSTEM32;C:\Windows\WinSxS\amd64_microsoft.windows.common-controls_6595b64144ccf1df_6.0.22621.4391_none_2715d37f73803e96;C:\Program Files\Eclipse Adoptium\jdk-17.0.12.7-hotspot\bin\server;C:\Users\KH SUDHIR\OneDrive\Documents\GitHub\CPP-Project;C:\Program Files\Git\mingw64\bin

VM Arguments:
java_command: BookYourShow
java_class_path (initial): .
Launcher Type: SUN_STANDARD

[Global flags]
     intx CICompilerCount                          = 4                                         {product} {ergonomic}
     uint ConcGCThreads                            = 3                                         {product} {ergonomic}
     uint G1ConcRefinementThreads                  = 10                                        {product} {ergonomic}
   size_t G1HeapRegionSize                         = 2097152                                   {product} {ergonomic}
    uintx GCDrainStackTargetSize                   = 64                                        {product} {ergonomic}
   size_t InitialHeapSize                          = 232783872                                 {product} {ergonomic}
   size_t MarkStackSize                            = 4194304                                   {product} {ergonomic}
   size_t MaxHeapSize                              = 3720347648                                {product} {ergonomic}
   size_t MaxNewSize                               = 2231369728                                {product} {ergonomic}
   size_t MinHeapDeltaBytes                        = 2097152                                   {product} {ergonomic}
   size_t MinHeapSize                              = 8388608                                   {product} {ergonomic}
    uintx NonNMethodCodeHeapSize                   = 5839372                                {pd product} {ergonomic}
    uintx NonProfiledCodeHeapSize                  = 122909434                              {pd product} {ergonomic}
    uintx ProfiledCodeHeapSize                     = 122909434                              {pd product} {ergonomic}
    uintx ReservedCodeCacheSize                    = 251658240                              {pd product} {ergonomic}
     bool SegmentedCodeCache                       = true                                      {product} {ergonomic}
   size_t SoftMaxHeapSize                          = 3720347648                             {manageable} {ergonomic}
     bool UseCompressedClassPointers               = true                           {product lp64_product} {ergonomic}
     bool UseCompressedOops                        = true                           {product lp64_product} {ergonomic}
     bool UseG1GC                                  = true                                      {product} {ergonomic}
     bool UseLargePagesIndividualAllocation        = false                                  {pd product} {ergonomic}

Logging:
Log output configuration:
 #0: stdout all=warning uptime,level,tags
 #1: stderr all=off uptime,level,tags

Environment Variables:
JAVA_HOME=C:\Program Files\Eclipse Adoptium\jdk-17.0.12.7-hotspot\
PATH=C:\Program Files\Eclipse Adoptium\jdk-17.0.12.7-hotspot\bin;C:\Windows\system32;C:\Windows;C:\Windows\System32\Wbem;C:\Windows\System32\WindowsPowerShell\v1.0\;C:\Windows\System32\OpenSSH\;C:\Program Files (x86)\NVIDIA Corporation\PhysX\Common;C:\Program Files\NVIDIA Corporation\NVIDIA NvDLISR;C:\Program Files\MATLAB\R2024a\bin;C:\Program Files\Git\cmd;C:\Program Files\Git\mingw64\bin;C:\Program Files\Git\usr\bin;C:\Program Files\Eclipse Adoptium\jdk-17.0.12.7-hotspot\include;C:\Users\KH SUDHIR\AppData\Local\Microsoft\WindowsApps;C:\Users\KH SUDHIR\AppData\Local\Programs\Microsoft VS Code\bin;C:\intelFPGA_lite\23.1std\questa_fse\win64;C:\intelFPGA\23.1std\questa_fse\win64;C:\Users\KH SUDHIR\AppData\Local\Programs\mongosh\;C:\msys64\ucrt64\bin;C:\Users\KH SUDHIR\AppData\Local\Microsoft\WinGet\Packages\Schniz.fnm_Microsoft.Winget.Source_8wekyb3d8bbwe;C:\Users\KH SUDHIR\AppData\Local\GitHubDesktop\bin
USERNAME=KH SUDHIR
LANG=en_US.UTF-8
OS=Windows_NT
PROCESSOR_IDENTIFIER=AMD64 Family 25 Model 80 Stepping 0, AuthenticAMD
TMP=C:\Users\KHSUDH~1\AppData\Local\Temp
TEMP=C:\Users\KHSUDH~1\AppData\Local\Temp



Periodic native trim disabled


---------------  S Y S T E M  ---------------

OS:
 Windows 11 , 64 bit Build 22621 (10.0.22621.4391)
OS uptime: 9 days 14:32 hours

CPU: total 12 (initial active 12) (12 cores per cpu, 2 threads per core) family 25 model 80 stepping 0 microcode 0x0, cx8, cmov, fxsr, ht, mmx, 3dnowpref, sse, sse2, sse3, ssse3, sse4a, sse4.1, sse4.2, popcnt, lzcnt, tsc, tscinvbit, avx, avx2, aes, erms, clmul, bmi1, bmi2, adx, sha, fma, vzeroupper, clflush, clflushopt
Processor Information for processor 0
  Max Mhz: 3301, Current Mhz: 2630, Mhz Limit: 3301
Processor Information for processor 1
  Max Mhz: 3301, Current Mhz: 2630, Mhz Limit: 3301
Processor Information for processor 2
  Max Mhz: 3301, Current Mhz: 3301, Mhz Limit: 3301
Processor Information for processor 3
  Max Mhz: 3301, Current Mhz: 3301, Mhz Limit: 3301
Processor Information for processor 4
  Max Mhz: 3301, Current Mhz: 3301, Mhz Limit: 3301
Processor Information for processor 5
  Max Mhz: 3301, Current Mhz: 2630, Mhz Limit: 3301
Processor Information for processor 6
  Max Mhz: 3301, Current Mhz: 3301, Mhz Limit: 3301
Processor Information for processor 7
  Max Mhz: 3301, Current Mhz: 2630, Mhz Limit: 3301
Processor Information for processor 8
  Max Mhz: 3301, Current Mhz: 2630, Mhz Limit: 3301
Processor Information for processor 9
  Max Mhz: 3301, Current Mhz: 2630, Mhz Limit: 3301
Processor Information for processor 10
  Max Mhz: 3301, Current Mhz: 3301, Mhz Limit: 3301
Processor Information for processor 11
  Max Mhz: 3301, Current Mhz: 2630, Mhz Limit: 3301

Memory: 4k page, system-wide physical 14188M (5189M free)
TotalPageFile size 16793M (AvailPageFile size 3538M)
current process WorkingSet (physical memory assigned to process): 36M, peak: 36M
current process commit charge ("private bytes"): 312M, peak: 312M

vm_info: OpenJDK 64-Bit Server VM (17.0.12+7) for windows-amd64 JRE (17.0.12+7), built on Jul 16 2024 22:08:24 by "admin" with MS VC++ 16.10 / 16.11 (VS2019)

END.
